# JRE version: Java(TM) SE Runtime Environment (8.0_101-b13) (build 1.8.0_101-b13)
# Java VM: Java HotSpot(TM) 64-Bit Server VM (25.101-b13 mixed mode windows-amd64 compressed oops)
Heap:
 PSYoungGen      total 169472K, used 135748K [0x00000000eb380000, 0x00000000f8100000, 0x0000000100000000)
  eden space 157696K, 86% used [0x00000000eb380000,0x00000000f38111a0,0x00000000f4d80000)
  from space 11776K, 0% used [0x00000000f5880000,0x00000000f5880000,0x00000000f6400000)
  to   space 11264K, 0% used [0x00000000f4d80000,0x00000000f4d80000,0x00000000f5880000)
 ParOldGen       total 36864K, used 11163K [0x00000000c1a00000, 0x00000000c3e00000, 0x00000000eb380000)
  object space 36864K, 30% used [0x00000000c1a00000,0x00000000c24e6fb8,0x00000000c3e00000)
 Metaspace       used 44635K, capacity 45376K, committed 45696K, reserved 1089536K
  class space    used 5757K, capacity 5930K, committed 6016K, reserved 1048576K
GC Heap History (10 events):
Event: 3.500 GC heap before
{Heap before GC invocations=8 (full 1):
 PSYoungGen      total 71168K, used 5467K [0x00000000eb380000, 0x00000000f3f80000, 0x0000000100000000)
  eden space 62976K, 0% used [0x00000000eb380000,0x00000000eb380000,0x00000000ef100000)
  from space 8192K, 66% used [0x00000000ef100000,0x00000000ef656f10,0x00000000ef900000)
  to   space 8704K, 0% used [0x00000000f3700000,0x00000000f3700000,0x00000000f3f80000)
 ParOldGen       total 44032K, used 6486K [0x00000000c1a00000, 0x00000000c4500000, 0x00000000eb380000)
  object space 44032K, 14% used [0x00000000c1a00000,0x00000000c2055b78,0x00000000c4500000)
 Metaspace       used 20843K, capacity 21078K, committed 21296K, reserved 1069056K
  class space    used 2579K, capacity 2663K, committed 2688K, reserved 1048576K
Event: 3.549 GC heap after
Heap after GC invocations=8 (full 1):
 PSYoungGen      total 71168K, used 0K [0x00000000eb380000, 0x00000000f3f80000, 0x0000000100000000)
  eden space 62976K, 0% used [0x00000000eb380000,0x00000000eb380000,0x00000000ef100000)
  from space 8192K, 0% used [0x00000000ef100000,0x00000000ef100000,0x00000000ef900000)
  to   space 8704K, 0% used [0x00000000f3700000,0x00000000f3700000,0x00000000f3f80000)
 ParOldGen       total 30208K, used 7327K [0x00000000c1a00000, 0x00000000c3780000, 0x00000000eb380000)
  object space 30208K, 24% used [0x00000000c1a00000,0x00000000c2127dd0,0x00000000c3780000)
 Metaspace       used 20843K, capacity 21078K, committed 21296K, reserved 1069056K
  class space    used 2579K, capacity 2663K, committed 2688K, reserved 1048576K
}
Event: 4.489 GC heap before
{Heap before GC invocations=9 (full 1):
 PSYoungGen      total 71168K, used 62976K [0x00000000eb380000, 0x00000000f3f80000, 0x0000000100000000)
  eden space 62976K, 100% used [0x00000000eb380000,0x00000000ef100000,0x00000000ef100000)
  from space 8192K, 0% used [0x00000000ef100000,0x00000000ef100000,0x00000000ef900000)
  to   space 8704K, 0% used [0x00000000f3700000,0x00000000f3700000,0x00000000f3f80000)
 ParOldGen       total 30208K, used 7327K [0x00000000c1a00000, 0x00000000c3780000, 0x00000000eb380000)
  object space 30208K, 24% used [0x00000000c1a00000,0x00000000c2127dd0,0x00000000c3780000)
 Metaspace       used 26123K, capacity 26402K, committed 26624K, reserved 1073152K
  class space    used 3452K, capacity 3561K, committed 3584K, reserved 1048576K
Event: 4.495 GC heap after
Heap after GC invocations=9 (full 1):
 PSYoungGen      total 116736K, used 5816K [0x00000000eb380000, 0x00000000f3d00000, 0x0000000100000000)
  eden space 110592K, 0% used [0x00000000eb380000,0x00000000eb380000,0x00000000f1f80000)
  from space 6144K, 94% used [0x00000000f3700000,0x00000000f3cae240,0x00000000f3d00000)
  to   space 9216K, 0% used [0x00000000f2b00000,0x00000000f2b00000,0x00000000f3400000)
 ParOldGen       total 30208K, used 7335K [0x00000000c1a00000, 0x00000000c3780000, 0x00000000eb380000)
  object space 30208K, 24% used [0x00000000c1a00000,0x00000000c2129dd0,0x00000000c3780000)
 Metaspace       used 26123K, capacity 26402K, committed 26624K, reserved 1073152K
  class space    used 3452K, capacity 3561K, committed 3584K, reserved 1048576K
}
Event: 9.375 GC heap before
{Heap before GC invocations=10 (full 1):
 PSYoungGen      total 116736K, used 116408K [0x00000000eb380000, 0x00000000f3d00000, 0x0000000100000000)
  eden space 110592K, 100% used [0x00000000eb380000,0x00000000f1f80000,0x00000000f1f80000)
  from space 6144K, 94% used [0x00000000f3700000,0x00000000f3cae240,0x00000000f3d00000)
  to   space 9216K, 0% used [0x00000000f2b00000,0x00000000f2b00000,0x00000000f3400000)
 ParOldGen       total 30208K, used 7335K [0x00000000c1a00000, 0x00000000c3780000, 0x00000000eb380000)
  object space 30208K, 24% used [0x00000000c1a00000,0x00000000c2129dd0,0x00000000c3780000)
 Metaspace       used 34732K, capacity 35182K, committed 35496K, reserved 1079296K
  class space    used 4641K, capacity 4785K, committed 4864K, reserved 1048576K
Event: 9.392 GC heap after
Heap after GC invocations=10 (full 1):
 PSYoungGen      total 131584K, used 9206K [0x00000000eb380000, 0x00000000f6400000, 0x0000000100000000)
  eden space 122368K, 0% used [0x00000000eb380000,0x00000000eb380000,0x00000000f2b00000)
  from space 9216K, 99% used [0x00000000f2b00000,0x00000000f33fdaa0,0x00000000f3400000)
  to   space 11776K, 0% used [0x00000000f5880000,0x00000000f5880000,0x00000000f6400000)
 ParOldGen       total 30208K, used 10621K [0x00000000c1a00000, 0x00000000c3780000, 0x00000000eb380000)
  object space 30208K, 35% used [0x00000000c1a00000,0x00000000c245f790,0x00000000c3780000)
 Metaspace       used 34732K, capacity 35182K, committed 35496K, reserved 1079296K
  class space    used 4641K, capacity 4785K, committed 4864K, reserved 1048576K
}
Event: 9.434 GC heap before
{Heap before GC invocations=11 (full 1):
 PSYoungGen      total 131584K, used 11399K [0x00000000eb380000, 0x00000000f6400000, 0x0000000100000000)
  eden space 122368K, 1% used [0x00000000eb380000,0x00000000eb5a4358,0x00000000f2b00000)
  from space 9216K, 99% used [0x00000000f2b00000,0x00000000f33fdaa0,0x00000000f3400000)
  to   space 11776K, 0% used [0x00000000f5880000,0x00000000f5880000,0x00000000f6400000)
 ParOldGen       total 30208K, used 10621K [0x00000000c1a00000, 0x00000000c3780000, 0x00000000eb380000)
  object space 30208K, 35% used [0x00000000c1a00000,0x00000000c245f790,0x00000000c3780000)
 Metaspace       used 34873K, capacity 35246K, committed 35496K, reserved 1079296K
  class space    used 4656K, capacity 4785K, committed 4864K, reserved 1048576K
Event: 9.455 GC heap after
Heap after GC invocations=11 (full 1):
 PSYoungGen      total 169472K, used 3888K [0x00000000eb380000, 0x00000000f8100000, 0x0000000100000000)
  eden space 157696K, 0% used [0x00000000eb380000,0x00000000eb380000,0x00000000f4d80000)
  from space 11776K, 33% used [0x00000000f5880000,0x00000000f5c4c060,0x00000000f6400000)
  to   space 11264K, 0% used [0x00000000f4d80000,0x00000000f4d80000,0x00000000f5880000)
 ParOldGen       total 30208K, used 12674K [0x00000000c1a00000, 0x00000000c3780000, 0x00000000eb380000)
  object space 30208K, 41% used [0x00000000c1a00000,0x00000000c2660b80,0x00000000c3780000)
 Metaspace       used 34873K, capacity 35246K, committed 35496K, reserved 1079296K
  class space    used 4656K, capacity 4785K, committed 4864K, reserved 1048576K
}
Event: 9.455 GC heap before
{Heap before GC invocations=12 (full 2):
 PSYoungGen      total 169472K, used 3888K [0x00000000eb380000, 0x00000000f8100000, 0x0000000100000000)
  eden space 157696K, 0% used [0x00000000eb380000,0x00000000eb380000,0x00000000f4d80000)
  from space 11776K, 33% used [0x00000000f5880000,0x00000000f5c4c060,0x00000000f6400000)
  to   space 11264K, 0% used [0x00000000f4d80000,0x00000000f4d80000,0x00000000f5880000)
 ParOldGen       total 30208K, used 12674K [0x00000000c1a00000, 0x00000000c3780000, 0x00000000eb380000)
  object space 30208K, 41% used [0x00000000c1a00000,0x00000000c2660b80,0x00000000c3780000)
 Metaspace       used 34873K, capacity 35246K, committed 35496K, reserved 1079296K
  class space    used 4656K, capacity 4785K, committed 4864K, reserved 1048576K
Event: 9.500 GC heap after
Heap after GC invocations=12 (full 2):
 PSYoungGen      total 169472K, used 0K [0x00000000eb380000, 0x00000000f8100000, 0x0000000100000000)
  eden space 157696K, 0% used [0x00000000eb380000,0x00000000eb380000,0x00000000f4d80000)
  from space 11776K, 0% used [0x00000000f5880000,0x00000000f5880000,0x00000000f6400000)
  to   space 11264K, 0% used [0x00000000f4d80000,0x00000000f4d80000,0x00000000f5880000)
 ParOldGen       total 36864K, used 11163K [0x00000000c1a00000, 0x00000000c3e00000, 0x00000000eb380000)
  object space 36864K, 30% used [0x00000000c1a00000,0x00000000c24e6fb8,0x00000000c3e00000)
 Metaspace       used 34873K, capacity 35246K, committed 35496K, reserved 1079296K
  class space    used 4656K, capacity 4785K, committed 4864K, reserved 1048576K
}

